<?xml version="1.0" encoding="UTF-8"?>
<testsuite name="com.swervedrivespecialties.swervelib.SdsModuleConfigurationsTest" tests="2" skipped="0" failures="0" errors="0" timestamp="2023-02-04T06:50:49" hostname="uninspired75062n1" time="0.015">
  <properties/>
  <testcase name="mk3FastReductions()" classname="com.swervedrivespecialties.swervelib.SdsModuleConfigurationsTest" time="0.014"/>
  <testcase name="mk3StandardReductions()" classname="com.swervedrivespecialties.swervelib.SdsModuleConfigurationsTest" time="0.0"/>
  <system-out><![CDATA[]]></system-out>
  <system-err><![CDATA[]]></system-err>
</testsuite>
