<?xml version="1.0" encoding="UTF-8"?>
<testsuite name="com.swervedrivespecialties.swervelib.SdsModuleConfigurationsTest" tests="2" skipped="0" failures="0" errors="0" timestamp="2023-02-02T01:36:51" hostname="uninspired75062n1" time="0.024">
  <properties/>
  <testcase name="mk3FastReductions()" classname="com.swervedrivespecialties.swervelib.SdsModuleConfigurationsTest" time="0.022"/>
  <testcase name="mk3StandardReductions()" classname="com.swervedrivespecialties.swervelib.SdsModuleConfigurationsTest" time="0.001"/>
  <system-out><![CDATA[]]></system-out>
  <system-err><![CDATA[]]></system-err>
</testsuite>
